[2025-10-01T02:25:57.721Z] [32minfo[39m: connecting to the databse
[2025-10-01T02:25:57.723Z] [32minfo[39m: conecting to the Databse
[2025-10-01T02:26:00.475Z] [32minfo[39m: server runnning on 3000
[2025-10-01T02:36:04.144Z] [32minfo[39m: connecting to the databse
[2025-10-01T02:36:04.146Z] [32minfo[39m: conecting to the Databse
[2025-10-01T02:36:06.067Z] [32minfo[39m: database connected successfully
[2025-10-01T02:36:06.075Z] [32minfo[39m: server runnning on port  3000
[2025-10-02T00:34:26.337Z] [32minfo[39m: connecting to the databse
[2025-10-02T00:34:28.332Z] [32minfo[39m: database connected successfully
[2025-10-02T00:34:28.339Z] [32minfo[39m: server runnning on port  3000
[2025-10-06T13:50:39.971Z] [32minfo[39m: connecting to the databse
[2025-10-06T13:50:39.990Z] [33mwarn[39m: error starting the server Cannot read properties of undefined (reading 'getInstance')
[2025-10-06T13:51:59.049Z] [32minfo[39m: connecting to the databse
[2025-10-06T13:51:59.117Z] [33mwarn[39m: error starting the server Cannot read properties of undefined (reading 'getInstance')
[2025-10-06T13:59:27.109Z] [32minfo[39m: connecting to the databse
[2025-10-06T13:59:27.131Z] [33mwarn[39m: error starting the server Cannot read properties of undefined (reading 'getInstance')
[2025-10-06T14:01:02.887Z] [32minfo[39m: connecting to the databse
[2025-10-06T14:01:03.088Z] [33mwarn[39m: error starting the server Cannot read properties of undefined (reading 'getInstance')
[2025-10-06T14:01:48.087Z] [32minfo[39m: connecting to the databse...
[2025-10-06T14:01:48.167Z] [33mwarn[39m: error starting the server Cannot read properties of undefined (reading 'getInstance')
[2025-10-06T14:02:48.474Z] [32minfo[39m: connecting to the database...
[2025-10-06T14:02:48.497Z] [33mwarn[39m: error starting the server Cannot read properties of undefined (reading 'getInstance')
[2025-10-06T14:06:22.828Z] [32minfo[39m: connecting to the database
[2025-10-06T14:06:22.897Z] [32minfo[39m: disconnecting the database
[2025-10-06T14:06:22.950Z] [32minfo[39m: connecting to the database...
[2025-10-06T14:06:22.968Z] [33mwarn[39m: error starting the server (0 , prismaClient_1.connectDB) is not a function
[2025-10-06T14:06:23.075Z] [32minfo[39m: database disconnectd successfully
[2025-10-06T14:06:25.025Z] [32minfo[39m: database connection successful
[2025-10-06T14:22:06.449Z] [32minfo[39m: connecting to the database...
[2025-10-06T14:22:06.471Z] [32minfo[39m: connecting to the database
[2025-10-06T14:22:08.583Z] [32minfo[39m: database connection successful
[2025-10-06T14:22:08.584Z] [32minfo[39m: database connected successfully
[2025-10-06T14:22:08.592Z] [32minfo[39m: server runnning on port 3000
[2025-10-06T14:30:30.808Z] [32minfo[39m: connecting to the database
[2025-10-06T14:30:30.910Z] [32minfo[39m: connecting to the database...
[2025-10-06T14:30:30.912Z] [32minfo[39m: connecting to the database
[2025-10-06T14:30:31.711Z] [33mwarn[39m: error connecting to the database Can't reach database server at `ep-purple-mountain-abap29ss-pooler.eu-west-2.aws.neon.tech:5432`

Please make sure your database server is running at `ep-purple-mountain-abap29ss-pooler.eu-west-2.aws.neon.tech:5432`.
[2025-10-06T14:35:07.827Z] [32minfo[39m: connecting to the database
[2025-10-06T14:35:07.974Z] [32minfo[39m: connecting to the database...
[2025-10-06T14:35:07.975Z] [32minfo[39m: connecting to the database
[2025-10-06T14:35:08.171Z] [33mwarn[39m: error connecting to the database Can't reach database server at `ep-purple-mountain-abap29ss-pooler.eu-west-2.aws.neon.tech:5432`

Please make sure your database server is running at `ep-purple-mountain-abap29ss-pooler.eu-west-2.aws.neon.tech:5432`.
[2025-10-06T14:36:21.771Z] [32minfo[39m: connecting to the database
[2025-10-06T14:36:21.955Z] [32minfo[39m: connecting to the database...
[2025-10-06T14:36:21.956Z] [32minfo[39m: connecting to the database
[2025-10-06T14:36:23.880Z] [32minfo[39m: database connection successful
[2025-10-06T14:36:23.882Z] [32minfo[39m: database connection successful
[2025-10-06T14:36:23.883Z] [32minfo[39m: database connected successfully
[2025-10-06T14:36:23.893Z] [32minfo[39m: server runnning on port 3000
[2025-10-06T14:37:15.677Z] [32minfo[39m: connecting to the database
[2025-10-06T14:37:15.725Z] [32minfo[39m: connecting to the database...
[2025-10-06T14:37:15.725Z] [32minfo[39m: connecting to the database
[2025-10-06T14:37:17.289Z] [32minfo[39m: database connection successful
[2025-10-06T14:37:17.290Z] [32minfo[39m: database connection successful
[2025-10-06T14:37:17.291Z] [32minfo[39m: database connected successfully
[2025-10-06T14:37:17.298Z] [32minfo[39m: server runnning on port 3000
[2025-10-06T14:39:48.760Z] [31merror[39m: It appears you have done something like `app.use(helmet)`, but it should be `app.use(helmet())`.
[2025-10-06T14:40:27.186Z] [32minfo[39m: connecting to the database
[2025-10-06T14:40:27.280Z] [32minfo[39m: connecting to the database...
[2025-10-06T14:40:27.281Z] [32minfo[39m: connecting to the database
[2025-10-06T14:40:28.766Z] [32minfo[39m: database connection successful
[2025-10-06T14:40:28.768Z] [32minfo[39m: database connection successful
[2025-10-06T14:40:28.769Z] [32minfo[39m: database connected successfully
[2025-10-06T14:40:28.779Z] [32minfo[39m: server runnning on port 3000
[2025-10-06T14:51:30.600Z] [32minfo[39m: connecting to the database
[2025-10-06T14:51:30.814Z] [32minfo[39m: connecting to the database...
[2025-10-06T14:51:30.815Z] [32minfo[39m: connecting to the database
[2025-10-06T14:51:32.736Z] [32minfo[39m: database connection successful
[2025-10-06T14:51:32.737Z] [32minfo[39m: database connection successful
[2025-10-06T14:51:32.738Z] [32minfo[39m: database connected successfully
[2025-10-06T14:51:32.745Z] [32minfo[39m: server runnning on port 3000
[2025-10-06T15:04:47.370Z] [32minfo[39m: connecting to the database
[2025-10-06T15:04:47.465Z] [32minfo[39m: connecting to the database...
[2025-10-06T15:04:47.467Z] [32minfo[39m: connecting to the database
[2025-10-06T15:04:49.769Z] [32minfo[39m: database connection successful
[2025-10-06T15:04:49.811Z] [32minfo[39m: database connection successful
[2025-10-06T15:04:49.821Z] [32minfo[39m: database connected successfully
[2025-10-06T15:04:50.046Z] [32minfo[39m: server runnning on port 3000
[2025-10-06T15:05:15.002Z] [32minfo[39m: connecting to the database
[2025-10-06T15:05:15.056Z] [32minfo[39m: connecting to the database...
[2025-10-06T15:05:15.057Z] [32minfo[39m: connecting to the database
[2025-10-06T15:05:16.327Z] [32minfo[39m: database connection successful
[2025-10-06T15:05:16.330Z] [32minfo[39m: database connection successful
[2025-10-06T15:05:16.331Z] [32minfo[39m: database connected successfully
[2025-10-06T15:05:16.341Z] [32minfo[39m: server runnning on port 3000
[2025-10-06T15:05:54.299Z] [32minfo[39m: connecting to the database
[2025-10-06T15:05:54.401Z] [32minfo[39m: connecting to the database...
[2025-10-06T15:05:54.407Z] [32minfo[39m: connecting to the database
[2025-10-06T15:05:55.877Z] [32minfo[39m: database connection successful
[2025-10-06T15:05:55.886Z] [32minfo[39m: database connection successful
[2025-10-06T15:05:55.890Z] [32minfo[39m: database connected successfully
[2025-10-06T15:05:55.914Z] [32minfo[39m: server runnning on port 3000
[2025-10-06T15:09:17.144Z] [31merror[39m: User Already Exists
[2025-10-06T15:09:59.462Z] [32minfo[39m: Server closed , Exiting process...
[2025-10-06T16:56:29.197Z] [32minfo[39m: connecting to the database
[2025-10-06T16:56:29.356Z] [32minfo[39m: connecting to the database...
[2025-10-06T16:56:29.357Z] [32minfo[39m: connecting to the database
[2025-10-06T16:56:31.411Z] [32minfo[39m: database connection successful
[2025-10-06T16:56:31.413Z] [32minfo[39m: database connection successful
[2025-10-06T16:56:31.414Z] [32minfo[39m: database connected successfully
[2025-10-06T16:56:31.421Z] [32minfo[39m: server runnning on port 3000
[2025-10-06T16:59:34.519Z] [32minfo[39m: connecting to the database
[2025-10-06T16:59:34.584Z] [32minfo[39m: connecting to the database...
[2025-10-06T16:59:34.585Z] [32minfo[39m: connecting to the database
[2025-10-06T16:59:35.834Z] [32minfo[39m: database connection successful
[2025-10-06T16:59:35.835Z] [32minfo[39m: database connection successful
[2025-10-06T16:59:35.836Z] [32minfo[39m: database connected successfully
[2025-10-06T16:59:35.844Z] [32minfo[39m: server runnning on port 3000
[2025-10-06T16:59:37.869Z] [32minfo[39m: Server closed , Exiting process...
[2025-10-06T17:00:43.340Z] [32minfo[39m: connecting to the database
[2025-10-06T17:00:43.501Z] [32minfo[39m: connecting to the database...
[2025-10-06T17:00:43.502Z] [32minfo[39m: connecting to the database
[2025-10-06T17:00:44.717Z] [32minfo[39m: database connection successful
[2025-10-06T17:00:44.719Z] [32minfo[39m: database connection successful
[2025-10-06T17:00:44.720Z] [32minfo[39m: database connected successfully
[2025-10-06T17:00:44.734Z] [32minfo[39m: server runnning on port 3000
[2025-10-06T17:00:49.531Z] [31merror[39m: User Already Exists
[2025-10-06T17:01:12.781Z] [31merror[39m: User Already Exists
[2025-10-06T17:01:16.049Z] [31merror[39m: User Already Exists
[2025-10-06T17:02:12.757Z] [32minfo[39m: connecting to the database
[2025-10-06T17:02:12.821Z] [32minfo[39m: connecting to the database...
[2025-10-06T17:02:12.823Z] [32minfo[39m: connecting to the database
[2025-10-06T17:02:16.850Z] [32minfo[39m: database connection successful
[2025-10-06T17:02:16.851Z] [32minfo[39m: database connection successful
[2025-10-06T17:02:16.852Z] [32minfo[39m: database connected successfully
[2025-10-06T17:02:16.859Z] [32minfo[39m: server runnning on port 3000
[2025-10-06T17:07:56.448Z] [32minfo[39m: connecting to the database
[2025-10-06T17:07:56.555Z] [32minfo[39m: connecting to the database...
[2025-10-06T17:07:56.558Z] [32minfo[39m: connecting to the database
[2025-10-06T17:07:58.355Z] [32minfo[39m: database connection successful
[2025-10-06T17:07:58.356Z] [32minfo[39m: database connection successful
[2025-10-06T17:07:58.359Z] [32minfo[39m: database connected successfully
[2025-10-06T17:07:58.368Z] [32minfo[39m: server runnning on port 3000
[2025-10-06T17:08:03.456Z] [32minfo[39m: connecting to the database
[2025-10-06T17:08:03.501Z] [32minfo[39m: connecting to the database...
[2025-10-06T17:08:03.503Z] [32minfo[39m: connecting to the database
[2025-10-06T17:08:04.663Z] [32minfo[39m: database connection successful
[2025-10-06T17:08:04.664Z] [32minfo[39m: database connection successful
[2025-10-06T17:08:04.665Z] [32minfo[39m: database connected successfully
[2025-10-06T17:08:04.672Z] [32minfo[39m: server runnning on port 3000
[2025-10-06T17:11:38.827Z] [32minfo[39m: connecting to the database
[2025-10-06T17:11:38.900Z] [32minfo[39m: connecting to the database...
[2025-10-06T17:11:38.903Z] [32minfo[39m: connecting to the database
[2025-10-06T17:11:40.148Z] [32minfo[39m: database connection successful
[2025-10-06T17:11:40.150Z] [32minfo[39m: database connection successful
[2025-10-06T17:11:40.152Z] [32minfo[39m: database connected successfully
[2025-10-06T17:11:40.163Z] [32minfo[39m: server runnning on port 3000
[2025-10-06T17:11:46.526Z] [32minfo[39m: connecting to the database
[2025-10-06T17:11:46.591Z] [32minfo[39m: connecting to the database...
[2025-10-06T17:11:46.593Z] [32minfo[39m: connecting to the database
[2025-10-06T17:11:48.277Z] [32minfo[39m: database connection successful
[2025-10-06T17:11:48.337Z] [32minfo[39m: database connection successful
[2025-10-06T17:11:48.340Z] [32minfo[39m: database connected successfully
[2025-10-06T17:11:48.353Z] [32minfo[39m: server runnning on port 3000
[2025-10-06T17:11:58.151Z] [32minfo[39m: connecting to the database
[2025-10-06T17:11:58.221Z] [32minfo[39m: connecting to the database...
[2025-10-06T17:11:58.226Z] [32minfo[39m: connecting to the database
[2025-10-06T17:11:59.392Z] [32minfo[39m: database connection successful
[2025-10-06T17:11:59.396Z] [32minfo[39m: database connection successful
[2025-10-06T17:11:59.397Z] [32minfo[39m: database connected successfully
[2025-10-06T17:11:59.409Z] [32minfo[39m: server runnning on port 3000
[2025-10-06T17:15:24.124Z] [32minfo[39m: connecting to the database
[2025-10-06T17:15:24.188Z] [32minfo[39m: connecting to the database...
[2025-10-06T17:15:24.189Z] [32minfo[39m: connecting to the database
[2025-10-06T17:15:28.286Z] [32minfo[39m: database connection successful
[2025-10-06T17:15:28.287Z] [32minfo[39m: database connection successful
[2025-10-06T17:15:28.287Z] [32minfo[39m: database connected successfully
[2025-10-06T17:15:28.293Z] [32minfo[39m: server runnning on port 3000
[2025-10-06T17:16:42.558Z] [32minfo[39m: connecting to the database
[2025-10-06T17:16:42.643Z] [32minfo[39m: connecting to the database...
[2025-10-06T17:16:42.647Z] [32minfo[39m: connecting to the database
[2025-10-06T17:16:44.023Z] [32minfo[39m: database connection successful
[2025-10-06T17:16:44.038Z] [32minfo[39m: database connection successful
[2025-10-06T17:16:44.044Z] [32minfo[39m: database connected successfully
[2025-10-06T17:16:44.091Z] [32minfo[39m: server runnning on port 3000
[2025-10-06T17:16:46.059Z] [32minfo[39m: Server closed , Exiting process...
[2025-10-06T17:18:00.124Z] [32minfo[39m: connecting to the database
[2025-10-06T17:18:00.570Z] [32minfo[39m: connecting to the database...
[2025-10-06T17:18:00.573Z] [32minfo[39m: connecting to the database
[2025-10-06T17:18:02.197Z] [32minfo[39m: database connection successful
[2025-10-06T17:18:02.198Z] [32minfo[39m: database connection successful
[2025-10-06T17:18:02.199Z] [32minfo[39m: database connected successfully
[2025-10-06T17:18:02.209Z] [32minfo[39m: server runnning on port 3000
[2025-10-06T17:19:32.168Z] [31merror[39m: invalid userId
[2025-10-06T17:19:59.319Z] [31merror[39m: invalid userId
[2025-10-06T21:50:29.965Z] [32minfo[39m: connecting to the database
[2025-10-06T21:50:30.034Z] [32minfo[39m: connecting to the database...
[2025-10-06T21:50:30.034Z] [32minfo[39m: connecting to the database
[2025-10-06T21:50:32.187Z] [32minfo[39m: database connection successful
[2025-10-06T21:50:32.190Z] [32minfo[39m: database connection successful
[2025-10-06T21:50:32.191Z] [32minfo[39m: database connected successfully
[2025-10-06T21:50:32.216Z] [32minfo[39m: server runnning on port 3000
[2025-10-06T21:59:26.683Z] [32minfo[39m: connecting to the database
[2025-10-06T21:59:26.879Z] [32minfo[39m: connecting to the database...
[2025-10-06T21:59:26.880Z] [32minfo[39m: connecting to the database
[2025-10-06T21:59:28.211Z] [32minfo[39m: database connection successful
[2025-10-06T21:59:28.212Z] [32minfo[39m: database connection successful
[2025-10-06T21:59:28.214Z] [32minfo[39m: database connected successfully
[2025-10-06T21:59:28.220Z] [32minfo[39m: server runnning on port 3000
[2025-10-06T21:59:33.413Z] [31merror[39m: User Already Exists
[2025-10-06T22:04:36.078Z] [32minfo[39m: Server closed , Exiting process...
[2025-10-06T22:04:50.404Z] [32minfo[39m: connecting to the database
[2025-10-06T22:04:51.231Z] [32minfo[39m: connecting to the database...
[2025-10-06T22:04:51.241Z] [32minfo[39m: connecting to the database
[2025-10-06T22:04:56.205Z] [32minfo[39m: database connection successful
[2025-10-06T22:04:56.206Z] [32minfo[39m: database connection successful
[2025-10-06T22:04:56.209Z] [32minfo[39m: database connected successfully
[2025-10-06T22:04:56.303Z] [32minfo[39m: server runnning on port 3000
[2025-10-06T22:05:09.978Z] [31merror[39m: Cannot destructure property 'email' of 'req.body' as it is undefined.
[2025-10-06T22:06:47.031Z] [31merror[39m: Cannot destructure property 'email' of 'req.body' as it is undefined.
[2025-10-06T22:07:13.897Z] [31merror[39m: User Already Exists
[2025-10-06T22:07:30.199Z] [31merror[39m: Cannot destructure property 'email' of 'req.body' as it is undefined.
[2025-10-06T22:08:13.242Z] [32minfo[39m: connecting to the database
[2025-10-06T22:08:13.417Z] [32minfo[39m: connecting to the database...
[2025-10-06T22:08:13.418Z] [32minfo[39m: connecting to the database
[2025-10-06T22:08:14.773Z] [32minfo[39m: database connection successful
[2025-10-06T22:08:14.775Z] [32minfo[39m: database connection successful
[2025-10-06T22:08:14.776Z] [32minfo[39m: database connected successfully
[2025-10-06T22:08:14.784Z] [32minfo[39m: server runnning on port 3000
[2025-10-06T22:08:28.794Z] [31merror[39m: User Already Exists
[2025-10-06T22:15:56.005Z] [32minfo[39m: connecting to the database
[2025-10-06T22:15:56.280Z] [32minfo[39m: request entered routes
[2025-10-06T22:15:56.366Z] [32minfo[39m: request entered Express
[2025-10-06T22:15:56.394Z] [32minfo[39m: delegating request to routes
[2025-10-06T22:15:56.465Z] [32minfo[39m: connecting to the database...
[2025-10-06T22:15:56.561Z] [32minfo[39m: connecting to the database
[2025-10-06T22:16:00.728Z] [32minfo[39m: database connection successful
[2025-10-06T22:16:00.729Z] [32minfo[39m: database connection successful
[2025-10-06T22:16:00.730Z] [32minfo[39m: database connected successfully
[2025-10-06T22:16:00.777Z] [32minfo[39m: server runnning on port 3000
[2025-10-06T22:18:08.342Z] [32minfo[39m: connecting to the database
[2025-10-06T22:18:08.392Z] [32minfo[39m: request entered routes
[2025-10-06T22:18:08.426Z] [32minfo[39m: request entered Express
[2025-10-06T22:18:08.436Z] [32minfo[39m: delegating request to routes
[2025-10-06T22:18:08.461Z] [32minfo[39m: connecting to the database...
[2025-10-06T22:18:08.462Z] [32minfo[39m: connecting to the database
[2025-10-06T22:18:10.150Z] [32minfo[39m: database connection successful
[2025-10-06T22:18:10.156Z] [32minfo[39m: database connection successful
[2025-10-06T22:18:10.158Z] [32minfo[39m: database connected successfully
[2025-10-06T22:18:10.175Z] [32minfo[39m: server runnning on port 3000
[2025-10-06T22:20:04.761Z] [32minfo[39m: connecting to the database
[2025-10-06T22:20:04.853Z] [32minfo[39m: request entered routes
[2025-10-06T22:20:04.895Z] [32minfo[39m: request entered Express
[2025-10-06T22:20:04.908Z] [32minfo[39m: delegating request to routes
[2025-10-06T22:20:04.929Z] [32minfo[39m: connecting to the database...
[2025-10-06T22:20:04.938Z] [32minfo[39m: connecting to the database
[2025-10-06T22:20:06.289Z] [32minfo[39m: database connection successful
[2025-10-06T22:20:06.297Z] [32minfo[39m: database connection successful
[2025-10-06T22:20:06.308Z] [32minfo[39m: database connected successfully
[2025-10-06T22:20:06.325Z] [32minfo[39m: server runnning on port 3000
[2025-10-06T22:22:30.015Z] [32minfo[39m: connecting to the database
[2025-10-06T22:22:30.031Z] [32minfo[39m: request entered routes
[2025-10-06T22:22:30.048Z] [32minfo[39m: request entered Express
[2025-10-06T22:22:30.056Z] [32minfo[39m: delegating request to routes
[2025-10-06T22:22:30.064Z] [32minfo[39m: connecting to the database...
[2025-10-06T22:22:30.065Z] [32minfo[39m: connecting to the database
[2025-10-06T22:22:34.134Z] [32minfo[39m: database connection successful
[2025-10-06T22:22:34.136Z] [32minfo[39m: database connection successful
[2025-10-06T22:22:34.137Z] [32minfo[39m: database connected successfully
[2025-10-06T22:22:34.211Z] [32minfo[39m: server runnning on port 3000
[2025-10-06T22:29:18.682Z] [32minfo[39m: request body :  [object Object]
[2025-10-06T22:29:18.703Z] [32minfo[39m: delegating to usecase
[2025-10-06T22:29:23.604Z] [32minfo[39m: accessing domain to create user
[2025-10-06T22:29:23.620Z] [32minfo[39m: saving user to database
[2025-10-06T22:29:24.006Z] [32minfo[39m: response gotting sending response to client
[2025-10-06T22:39:38.575Z] [32minfo[39m: connecting to the database
[2025-10-06T22:39:38.685Z] [32minfo[39m: request entered routes
[2025-10-06T22:39:38.801Z] [32minfo[39m: request entered Express
[2025-10-06T22:39:38.805Z] [32minfo[39m: delegating request to routes
[2025-10-06T22:39:38.814Z] [32minfo[39m: connecting to the database...
[2025-10-06T22:39:38.814Z] [32minfo[39m: connecting to the database
[2025-10-06T22:39:41.910Z] [32minfo[39m: database connection successful
[2025-10-06T22:39:41.927Z] [32minfo[39m: database connection successful
[2025-10-06T22:39:41.932Z] [32minfo[39m: database connected successfully
[2025-10-06T22:39:41.958Z] [32minfo[39m: server runnning on port 3000
[2025-10-06T22:40:08.119Z] [32minfo[39m: request body :  [object Object]
[2025-10-06T22:40:08.129Z] [32minfo[39m: delegating to usecase
[2025-10-06T22:40:08.955Z] [32minfo[39m: accessing domain to create user
[2025-10-06T22:40:09.021Z] [32minfo[39m: saving user to database
[2025-10-06T22:40:09.660Z] [32minfo[39m: response gotting sending response to client
[2025-10-06T22:48:35.809Z] [32minfo[39m: connecting to the database
[2025-10-06T22:48:35.963Z] [32minfo[39m: request entered routes
[2025-10-06T22:48:36.059Z] [32minfo[39m: request entered Express
[2025-10-06T22:48:36.063Z] [32minfo[39m: delegating request to routes
[2025-10-06T22:48:36.067Z] [32minfo[39m: connecting to the database...
[2025-10-06T22:48:36.068Z] [32minfo[39m: connecting to the database
[2025-10-06T22:48:37.492Z] [32minfo[39m: database connection successful
[2025-10-06T22:48:37.493Z] [32minfo[39m: database connection successful
[2025-10-06T22:48:37.494Z] [32minfo[39m: database connected successfully
[2025-10-06T22:48:37.501Z] [32minfo[39m: server runnning on port 3000
[2025-10-06T22:51:23.110Z] [32minfo[39m: connecting to the database
[2025-10-06T22:51:23.138Z] [32minfo[39m: request entered routes
[2025-10-06T22:51:23.160Z] [32minfo[39m: request entered Express
[2025-10-06T22:51:23.175Z] [32minfo[39m: delegating request to routes
[2025-10-06T22:51:23.187Z] [32minfo[39m: connecting to the database...
[2025-10-06T22:51:23.188Z] [32minfo[39m: connecting to the database
[2025-10-06T22:51:24.330Z] [32minfo[39m: database connection successful
[2025-10-06T22:51:24.332Z] [32minfo[39m: database connection successful
[2025-10-06T22:51:24.333Z] [32minfo[39m: database connected successfully
[2025-10-06T22:51:24.371Z] [32minfo[39m: server runnning on port 3000
[2025-10-06T22:52:04.288Z] [32minfo[39m: request body :  [object Object]
[2025-10-06T22:52:04.297Z] [32minfo[39m: delegating to usecase
[2025-10-06T22:52:05.041Z] [32minfo[39m: accessing domain to create user
[2025-10-06T22:52:05.057Z] [32minfo[39m: saving user to database
[2025-10-06T22:52:05.474Z] [32minfo[39m: response gotting sending response to client
[2025-10-06T22:54:23.207Z] [32minfo[39m: connecting to the database
[2025-10-06T22:54:23.233Z] [32minfo[39m: request entered routes
[2025-10-06T22:54:23.251Z] [32minfo[39m: request entered Express
[2025-10-06T22:54:23.258Z] [32minfo[39m: delegating request to routes
[2025-10-06T22:54:23.267Z] [32minfo[39m: connecting to the database...
[2025-10-06T22:54:23.268Z] [32minfo[39m: connecting to the database
[2025-10-06T22:54:24.692Z] [32minfo[39m: database connection successful
[2025-10-06T22:54:24.693Z] [32minfo[39m: database connection successful
[2025-10-06T22:54:24.694Z] [32minfo[39m: database connected successfully
[2025-10-06T22:54:24.718Z] [32minfo[39m: server runnning on port 3000
[2025-10-06T22:55:45.351Z] [32minfo[39m: connecting to the database
[2025-10-06T22:55:45.557Z] [32minfo[39m: request entered routes
[2025-10-06T22:55:45.740Z] [32minfo[39m: request entered Express
[2025-10-06T22:55:45.759Z] [32minfo[39m: delegating request to routes
[2025-10-06T22:55:45.807Z] [32minfo[39m: connecting to the database...
[2025-10-06T22:55:45.808Z] [32minfo[39m: connecting to the database
[2025-10-06T22:55:48.624Z] [32minfo[39m: database connection successful
[2025-10-06T22:55:48.626Z] [32minfo[39m: database connection successful
[2025-10-06T22:55:48.627Z] [32minfo[39m: database connected successfully
[2025-10-06T22:55:48.637Z] [32minfo[39m: server runnning on port 3000
[2025-10-06T22:56:29.981Z] [32minfo[39m: request body :  [object Object]
[2025-10-06T22:56:29.994Z] [32minfo[39m: delegating to usecase
[2025-10-06T22:56:30.617Z] [32minfo[39m: accessing domain to create user
[2025-10-06T22:56:30.625Z] [32minfo[39m: saving user to database
[2025-10-06T22:56:30.933Z] [32minfo[39m: response gotting sending response to client
[2025-10-06T22:59:28.573Z] [32minfo[39m: connecting to the database
[2025-10-06T22:59:28.663Z] [32minfo[39m: request entered routes
[2025-10-06T22:59:28.753Z] [32minfo[39m: request entered Express
[2025-10-06T22:59:28.758Z] [32minfo[39m: delegating request to routes
[2025-10-06T22:59:28.763Z] [32minfo[39m: connecting to the database...
[2025-10-06T22:59:28.764Z] [32minfo[39m: connecting to the database
[2025-10-06T22:59:30.237Z] [32minfo[39m: database connection successful
[2025-10-06T22:59:30.256Z] [32minfo[39m: database connection successful
[2025-10-06T22:59:30.257Z] [32minfo[39m: database connected successfully
[2025-10-06T22:59:30.273Z] [32minfo[39m: server runnning on port 3000
[2025-10-06T23:04:06.997Z] [32minfo[39m: connecting to the database
[2025-10-06T23:04:07.101Z] [32minfo[39m: request entered routes
[2025-10-06T23:04:07.158Z] [32minfo[39m: request entered Express
[2025-10-06T23:04:07.163Z] [32minfo[39m: delegating request to routes
[2025-10-06T23:04:07.168Z] [32minfo[39m: connecting to the database...
[2025-10-06T23:04:07.168Z] [32minfo[39m: connecting to the database
[2025-10-06T23:04:08.369Z] [32minfo[39m: database connection successful
[2025-10-06T23:04:08.371Z] [32minfo[39m: database connection successful
[2025-10-06T23:04:08.372Z] [32minfo[39m: database connected successfully
[2025-10-06T23:04:08.379Z] [32minfo[39m: server runnning on port 3000
[2025-10-06T23:06:55.367Z] [32minfo[39m: connecting to the database
[2025-10-06T23:06:55.426Z] [32minfo[39m: request entered routes
[2025-10-06T23:06:55.454Z] [32minfo[39m: request entered Express
[2025-10-06T23:06:55.459Z] [32minfo[39m: delegating request to routes
[2025-10-06T23:06:55.468Z] [32minfo[39m: connecting to the database...
[2025-10-06T23:06:55.469Z] [32minfo[39m: connecting to the database
[2025-10-06T23:06:57.033Z] [32minfo[39m: database connection successful
[2025-10-06T23:06:57.034Z] [32minfo[39m: database connection successful
[2025-10-06T23:06:57.034Z] [32minfo[39m: database connected successfully
[2025-10-06T23:06:57.039Z] [32minfo[39m: server runnning on port 3000
[2025-10-06T23:07:48.177Z] [32minfo[39m: connecting to the database
[2025-10-06T23:07:48.209Z] [32minfo[39m: request entered routes
[2025-10-06T23:07:48.298Z] [32minfo[39m: request entered Express
[2025-10-06T23:07:48.312Z] [32minfo[39m: delegating request to routes
[2025-10-06T23:07:48.344Z] [32minfo[39m: connecting to the database...
[2025-10-06T23:07:48.345Z] [32minfo[39m: connecting to the database
[2025-10-06T23:07:50.198Z] [32minfo[39m: database connection successful
[2025-10-06T23:07:50.249Z] [32minfo[39m: database connection successful
[2025-10-06T23:07:50.285Z] [32minfo[39m: database connected successfully
[2025-10-06T23:07:50.393Z] [32minfo[39m: server runnning on port 3000
[2025-10-06T23:40:42.670Z] [32minfo[39m: connecting to the database
[2025-10-06T23:40:42.838Z] [32minfo[39m: request entered routes
[2025-10-06T23:40:42.869Z] [32minfo[39m: request entered Express
[2025-10-06T23:40:42.880Z] [32minfo[39m: delegating request to routes
[2025-10-06T23:40:42.890Z] [32minfo[39m: connecting to the database...
[2025-10-06T23:40:42.891Z] [32minfo[39m: connecting to the database
[2025-10-06T23:40:44.523Z] [32minfo[39m: database connection successful
[2025-10-06T23:40:44.527Z] [32minfo[39m: database connection successful
[2025-10-06T23:40:44.528Z] [32minfo[39m: database connected successfully
[2025-10-06T23:40:44.548Z] [32minfo[39m: server runnning on port 3000
[2025-10-06T23:41:38.443Z] [32minfo[39m: connecting to the database
[2025-10-06T23:41:38.470Z] [32minfo[39m: request entered routes
[2025-10-06T23:41:38.480Z] [32minfo[39m: request entered Express
[2025-10-06T23:41:38.485Z] [32minfo[39m: delegating request to routes
[2025-10-06T23:41:38.491Z] [32minfo[39m: connecting to the database...
[2025-10-06T23:41:38.492Z] [32minfo[39m: connecting to the database
[2025-10-06T23:41:39.661Z] [32minfo[39m: database connection successful
[2025-10-06T23:41:39.662Z] [32minfo[39m: database connection successful
[2025-10-06T23:41:39.663Z] [32minfo[39m: database connected successfully
[2025-10-06T23:41:39.672Z] [32minfo[39m: server runnning on port 3000
[2025-10-06T23:45:18.332Z] [32minfo[39m: connecting to the database
[2025-10-06T23:45:18.381Z] [32minfo[39m: request entered routes
[2025-10-06T23:45:18.440Z] [32minfo[39m: request entered Express
[2025-10-06T23:45:18.454Z] [32minfo[39m: delegating request to routes
[2025-10-06T23:45:18.462Z] [32minfo[39m: connecting to the database...
[2025-10-06T23:45:18.464Z] [32minfo[39m: connecting to the database
[2025-10-06T23:45:19.646Z] [32minfo[39m: database connection successful
[2025-10-06T23:45:19.647Z] [32minfo[39m: database connection successful
[2025-10-06T23:45:19.648Z] [32minfo[39m: database connected successfully
[2025-10-06T23:45:19.654Z] [32minfo[39m: server runnning on port 3000
[2025-10-06T23:47:13.139Z] [32minfo[39m: connecting to the database
[2025-10-06T23:47:13.185Z] [32minfo[39m: request entered routes
[2025-10-06T23:47:13.204Z] [32minfo[39m: request entered Express
[2025-10-06T23:47:13.218Z] [32minfo[39m: delegating request to routes
[2025-10-06T23:47:13.235Z] [32minfo[39m: connecting to the database...
[2025-10-06T23:47:13.235Z] [32minfo[39m: connecting to the database
[2025-10-06T23:47:14.766Z] [32minfo[39m: database connection successful
[2025-10-06T23:47:14.768Z] [32minfo[39m: database connection successful
[2025-10-06T23:47:14.768Z] [32minfo[39m: database connected successfully
[2025-10-06T23:47:14.792Z] [32minfo[39m: server runnning on port 3000
[2025-10-06T23:48:13.131Z] [32minfo[39m: connecting to the database
[2025-10-06T23:48:13.157Z] [32minfo[39m: request entered routes
[2025-10-06T23:48:13.166Z] [32minfo[39m: request entered Express
[2025-10-06T23:48:13.172Z] [32minfo[39m: delegating request to routes
[2025-10-06T23:48:13.177Z] [32minfo[39m: connecting to the database...
[2025-10-06T23:48:13.178Z] [32minfo[39m: connecting to the database
[2025-10-06T23:48:14.366Z] [32minfo[39m: database connection successful
[2025-10-06T23:48:14.369Z] [32minfo[39m: database connection successful
[2025-10-06T23:48:14.371Z] [32minfo[39m: database connected successfully
[2025-10-06T23:48:14.378Z] [32minfo[39m: server runnning on port 3000
[2025-10-06T23:48:22.402Z] [32minfo[39m: connecting to the database
[2025-10-06T23:48:22.434Z] [32minfo[39m: request entered routes
[2025-10-06T23:48:22.449Z] [32minfo[39m: request entered Express
[2025-10-06T23:48:22.460Z] [32minfo[39m: delegating request to routes
[2025-10-06T23:48:22.476Z] [32minfo[39m: connecting to the database...
[2025-10-06T23:48:22.483Z] [32minfo[39m: connecting to the database
[2025-10-06T23:48:23.654Z] [32minfo[39m: database connection successful
[2025-10-06T23:48:23.655Z] [32minfo[39m: database connection successful
[2025-10-06T23:48:23.655Z] [32minfo[39m: database connected successfully
[2025-10-06T23:48:23.660Z] [32minfo[39m: server runnning on port 3000
[2025-10-06T23:49:17.735Z] [32minfo[39m: connecting to the database
[2025-10-06T23:49:17.806Z] [32minfo[39m: request entered routes
[2025-10-06T23:49:17.825Z] [32minfo[39m: request entered Express
[2025-10-06T23:49:17.837Z] [32minfo[39m: delegating request to routes
[2025-10-06T23:49:17.863Z] [32minfo[39m: connecting to the database...
[2025-10-06T23:49:17.875Z] [32minfo[39m: connecting to the database
[2025-10-06T23:49:19.110Z] [32minfo[39m: database connection successful
[2025-10-06T23:49:19.121Z] [32minfo[39m: database connection successful
[2025-10-06T23:49:19.132Z] [32minfo[39m: database connected successfully
[2025-10-06T23:49:19.177Z] [32minfo[39m: server runnning on port 3000
[2025-10-06T23:49:55.415Z] [32minfo[39m: connecting to the database
[2025-10-06T23:49:55.449Z] [32minfo[39m: request entered routes
[2025-10-06T23:49:55.472Z] [32minfo[39m: request entered Express
[2025-10-06T23:49:55.483Z] [32minfo[39m: delegating request to routes
[2025-10-06T23:49:55.504Z] [32minfo[39m: connecting to the database...
[2025-10-06T23:49:55.507Z] [32minfo[39m: connecting to the database
[2025-10-06T23:49:56.982Z] [32minfo[39m: database connection successful
[2025-10-06T23:49:56.986Z] [32minfo[39m: database connection successful
[2025-10-06T23:49:56.987Z] [32minfo[39m: database connected successfully
[2025-10-06T23:49:57.015Z] [32minfo[39m: server runnning on port 3000
[2025-10-06T23:50:25.740Z] [32minfo[39m: connecting to the database
[2025-10-06T23:50:25.785Z] [32minfo[39m: request entered routes
[2025-10-06T23:50:25.850Z] [32minfo[39m: request entered Express
[2025-10-06T23:50:25.863Z] [32minfo[39m: delegating request to routes
[2025-10-06T23:50:25.884Z] [32minfo[39m: connecting to the database...
[2025-10-06T23:50:25.885Z] [32minfo[39m: connecting to the database
[2025-10-06T23:50:27.213Z] [32minfo[39m: database connection successful
[2025-10-06T23:50:27.260Z] [32minfo[39m: database connection successful
[2025-10-06T23:50:27.291Z] [32minfo[39m: database connected successfully
[2025-10-06T23:50:27.350Z] [32minfo[39m: server runnning on port 3000
[2025-10-06T23:50:48.718Z] [32minfo[39m: [Controller] Register called
[2025-10-06T23:50:48.719Z] [32minfo[39m: [UseCase] RegisterExecute
[2025-10-06T23:50:48.720Z] [32minfo[39m: [Repo] findByEmail
[2025-10-06T23:50:49.276Z] [32minfo[39m: [Repo] findByEmail result
[2025-10-06T23:51:57.319Z] [32minfo[39m: connecting to the database
[2025-10-06T23:51:57.431Z] [32minfo[39m: request entered routes
[2025-10-06T23:51:57.462Z] [32minfo[39m: request entered Express
[2025-10-06T23:51:57.480Z] [32minfo[39m: delegating request to routes
[2025-10-06T23:51:57.620Z] [32minfo[39m: connecting to the database...
[2025-10-06T23:51:57.626Z] [32minfo[39m: connecting to the database
[2025-10-06T23:51:59.319Z] [32minfo[39m: database connection successful
[2025-10-06T23:51:59.323Z] [32minfo[39m: database connection successful
[2025-10-06T23:51:59.324Z] [32minfo[39m: database connected successfully
[2025-10-06T23:51:59.335Z] [32minfo[39m: server runnning on port 3000
[2025-10-06T23:52:02.987Z] [32minfo[39m: [Controller] Register called
[2025-10-06T23:52:02.991Z] [32minfo[39m: [UseCase] RegisterExecute
[2025-10-06T23:52:02.992Z] [32minfo[39m: [Repo] findByEmail
[2025-10-06T23:52:20.087Z] [32minfo[39m: connecting to the database
[2025-10-06T23:52:20.114Z] [32minfo[39m: request entered routes
[2025-10-06T23:52:20.132Z] [32minfo[39m: request entered Express
[2025-10-06T23:52:20.136Z] [32minfo[39m: delegating request to routes
[2025-10-06T23:52:20.142Z] [32minfo[39m: connecting to the database...
[2025-10-06T23:52:20.143Z] [32minfo[39m: connecting to the database
[2025-10-06T23:52:21.544Z] [32minfo[39m: database connection successful
[2025-10-06T23:52:21.545Z] [32minfo[39m: database connection successful
[2025-10-06T23:52:21.546Z] [32minfo[39m: database connected successfully
[2025-10-06T23:52:21.553Z] [32minfo[39m: server runnning on port 3000
[2025-10-06T23:52:25.724Z] [32minfo[39m: [Controller] Register called
[2025-10-06T23:52:25.725Z] [32minfo[39m: [UseCase] RegisterExecute
[2025-10-06T23:52:25.726Z] [32minfo[39m: [Repo] findByEmail
[2025-10-06T23:52:26.070Z] [32minfo[39m: [Repo] findByEmail result
[2025-10-06T23:54:01.896Z] [32minfo[39m: [Controller] Register called
[2025-10-06T23:54:01.923Z] [32minfo[39m: [UseCase] RegisterExecute
[2025-10-06T23:54:01.925Z] [32minfo[39m: [Repo] findByEmail
[2025-10-06T23:54:02.410Z] [32minfo[39m: [Repo] findByEmail result
[2025-10-06T23:54:12.186Z] [32minfo[39m: [Controller] Register called
[2025-10-06T23:54:12.187Z] [32minfo[39m: [UseCase] RegisterExecute
[2025-10-06T23:54:12.188Z] [32minfo[39m: [Repo] findByEmail
[2025-10-06T23:54:12.334Z] [32minfo[39m: [Repo] findByEmail result
[2025-10-06T23:56:42.527Z] [32minfo[39m: [Controller] Register called
[2025-10-06T23:56:42.538Z] [32minfo[39m: [UseCase] RegisterExecute
[2025-10-06T23:56:42.539Z] [32minfo[39m: [Repo] findByEmail
[2025-10-07T18:14:00.958Z] [32minfo[39m: connecting to the database
[2025-10-07T18:14:01.052Z] [32minfo[39m: request entered routes
[2025-10-07T18:14:01.143Z] [32minfo[39m: request entered Express
[2025-10-07T18:14:01.147Z] [32minfo[39m: delegating request to routes
[2025-10-07T18:14:01.158Z] [32minfo[39m: connecting to the database...
[2025-10-07T18:14:01.159Z] [32minfo[39m: connecting to the database
[2025-10-07T18:14:03.430Z] [32minfo[39m: database connection successful
[2025-10-07T18:14:03.431Z] [32minfo[39m: database connection successful
[2025-10-07T18:14:03.432Z] [32minfo[39m: database connected successfully
[2025-10-07T18:14:03.440Z] [32minfo[39m: server runnning on port 3000
[2025-10-07T18:16:04.764Z] [32minfo[39m: request body :  [object Object]
[2025-10-07T18:16:04.774Z] [32minfo[39m: delegating to usecase
[2025-10-07T18:16:04.776Z] [32minfo[39m: [Repo] findByEmail
[2025-10-07T18:16:06.537Z] [32minfo[39m: [Repo] findByEmail result
[2025-10-07T18:16:06.541Z] [31merror[39m: User Already Exists
[2025-10-07T18:17:05.390Z] [32minfo[39m: [Controller] Register called
[2025-10-07T18:17:05.400Z] [32minfo[39m: [UseCase] RegisterExecute
[2025-10-07T18:17:05.401Z] [32minfo[39m: [Repo] findByEmail
[2025-10-07T18:17:06.471Z] [32minfo[39m: [Repo] findByEmail result
[2025-10-07T18:25:25.865Z] [32minfo[39m: connecting to the database
[2025-10-07T18:25:25.900Z] [32minfo[39m: request entered routes
[2025-10-07T18:25:25.925Z] [32minfo[39m: request entered Express
[2025-10-07T18:25:25.935Z] [32minfo[39m: delegating request to routes
[2025-10-07T18:25:25.946Z] [32minfo[39m: connecting to the database...
[2025-10-07T18:25:25.947Z] [32minfo[39m: connecting to the database
[2025-10-07T18:25:27.832Z] [32minfo[39m: database connection successful
[2025-10-07T18:25:27.866Z] [32minfo[39m: database connection successful
[2025-10-07T18:25:27.929Z] [32minfo[39m: database connected successfully
[2025-10-07T18:25:27.987Z] [32minfo[39m: server runnning on port 3000
[2025-10-07T18:26:51.752Z] [32minfo[39m: [Controller] Register called
[2025-10-07T18:26:51.758Z] [32minfo[39m: [UseCase] RegisterExecute
[2025-10-07T18:26:51.759Z] [32minfo[39m: [Repo] findByEmail
[2025-10-07T18:29:41.909Z] [32minfo[39m: connecting to the database
[2025-10-07T18:29:42.046Z] [32minfo[39m: request entered routes
[2025-10-07T18:29:42.149Z] [32minfo[39m: request entered Express
[2025-10-07T18:29:42.153Z] [32minfo[39m: delegating request to routes
[2025-10-07T18:29:42.157Z] [32minfo[39m: connecting to the database...
[2025-10-07T18:29:42.158Z] [32minfo[39m: connecting to the database
[2025-10-07T18:29:43.431Z] [32minfo[39m: database connection successful
[2025-10-07T18:29:43.433Z] [32minfo[39m: database connection successful
[2025-10-07T18:29:43.434Z] [32minfo[39m: database connected successfully
[2025-10-07T18:29:43.444Z] [32minfo[39m: server runnning on port 3000
[2025-10-07T18:29:48.200Z] [32minfo[39m: request body :  [object Object]
[2025-10-07T18:29:48.202Z] [32minfo[39m: delegating to usecase
[2025-10-07T18:29:48.203Z] [32minfo[39m: [Repo] findByEmail
[2025-10-07T18:29:48.759Z] [32minfo[39m: accessing domain to create user
[2025-10-07T18:29:48.762Z] [32minfo[39m: saving user to database
[2025-10-07T18:29:49.289Z] [32minfo[39m: response gotting sending response to client
[2025-10-07T18:33:14.969Z] [32minfo[39m: request body :  [object Object]
[2025-10-07T18:33:14.984Z] [32minfo[39m: delegating to usecase
[2025-10-07T18:33:14.988Z] [32minfo[39m: [Repo] findByEmail
[2025-10-07T18:33:15.573Z] [32minfo[39m: accessing domain to create user
[2025-10-07T18:33:15.595Z] [32minfo[39m: saving user to database
[2025-10-07T18:33:15.800Z] [32minfo[39m: response gotting sending response to client
[2025-10-07T18:35:14.446Z] [32minfo[39m: [Controller] Register called
[2025-10-07T18:35:14.509Z] [32minfo[39m: [UseCase] RegisterExecute
[2025-10-07T18:35:14.510Z] [32minfo[39m: [Repo] findByEmail
[2025-10-07T18:35:17.251Z] [32minfo[39m: [Repo] findByEmail result
[2025-10-07T18:36:46.206Z] [32minfo[39m: request body :  [object Object]
[2025-10-07T18:36:46.218Z] [32minfo[39m: delegating to usecase
[2025-10-07T18:36:46.220Z] [32minfo[39m: [Repo] findByEmail
[2025-10-07T18:36:46.747Z] [32minfo[39m: accessing domain to create user
[2025-10-07T18:36:46.753Z] [32minfo[39m: saving user to database
[2025-10-07T18:36:47.106Z] [32minfo[39m: response gotting sending response to client
[2025-10-07T18:38:21.194Z] [32minfo[39m: request body :  [object Object]
[2025-10-07T18:38:21.237Z] [32minfo[39m: delegating to usecase
[2025-10-07T18:38:21.254Z] [32minfo[39m: [Repo] findByEmail
[2025-10-07T18:38:21.712Z] [32minfo[39m: [Repo] findByEmail result
[2025-10-07T18:38:21.823Z] [31merror[39m: User Already Exists
[2025-10-07T18:38:38.633Z] [32minfo[39m: request body :  [object Object]
[2025-10-07T18:38:38.634Z] [32minfo[39m: delegating to usecase
[2025-10-07T18:38:38.635Z] [32minfo[39m: [Repo] findByEmail
[2025-10-07T18:38:38.967Z] [32minfo[39m: [Repo] findByEmail result
[2025-10-07T18:38:38.969Z] [31merror[39m: User Already Exists
[2025-10-07T18:39:29.183Z] [32minfo[39m: connecting to the database
[2025-10-07T18:39:29.209Z] [32minfo[39m: request entered routes
[2025-10-07T18:39:29.221Z] [32minfo[39m: request entered Express
[2025-10-07T18:39:29.228Z] [32minfo[39m: delegating request to routes
[2025-10-07T18:39:29.236Z] [32minfo[39m: connecting to the database...
[2025-10-07T18:39:29.238Z] [32minfo[39m: connecting to the database
[2025-10-07T18:39:30.465Z] [32minfo[39m: database connection successful
[2025-10-07T18:39:30.466Z] [32minfo[39m: database connection successful
[2025-10-07T18:39:30.467Z] [32minfo[39m: database connected successfully
[2025-10-07T18:39:30.480Z] [32minfo[39m: server runnning on port 3000
[2025-10-07T18:39:34.550Z] [32minfo[39m: request body :  [object Object]
[2025-10-07T18:39:34.552Z] [32minfo[39m: delegating to usecase
[2025-10-07T18:39:34.553Z] [32minfo[39m: [Repo] findByEmail
[2025-10-07T18:39:34.980Z] [32minfo[39m: [Repo] findByEmail result
[2025-10-07T18:39:34.983Z] [31merror[39m: User : liam.turner@example.com Already Exists
[2025-10-07T18:43:17.881Z] [32minfo[39m: connecting to the database
[2025-10-07T18:43:17.907Z] [32minfo[39m: request entered routes
[2025-10-07T18:43:17.923Z] [32minfo[39m: request entered Express
[2025-10-07T18:43:17.933Z] [32minfo[39m: delegating request to routes
[2025-10-07T18:43:17.949Z] [32minfo[39m: connecting to the database...
[2025-10-07T18:43:17.951Z] [32minfo[39m: connecting to the database
[2025-10-07T18:43:19.573Z] [32minfo[39m: database connection successful
[2025-10-07T18:43:19.576Z] [32minfo[39m: database connection successful
[2025-10-07T18:43:19.577Z] [32minfo[39m: database connected successfully
[2025-10-07T18:43:19.585Z] [32minfo[39m: server runnning on port 3000
[2025-10-07T18:44:11.324Z] [32minfo[39m: connecting to the database
[2025-10-07T18:44:11.366Z] [32minfo[39m: request entered routes
[2025-10-07T18:44:11.398Z] [32minfo[39m: request entered Express
[2025-10-07T18:44:11.405Z] [32minfo[39m: delegating request to routes
[2025-10-07T18:44:11.416Z] [32minfo[39m: connecting to the database...
[2025-10-07T18:44:11.417Z] [32minfo[39m: connecting to the database
[2025-10-07T18:44:12.606Z] [32minfo[39m: database connection successful
[2025-10-07T18:44:12.608Z] [32minfo[39m: database connection successful
[2025-10-07T18:44:12.610Z] [32minfo[39m: database connected successfully
[2025-10-07T18:44:12.628Z] [32minfo[39m: server runnning on port 3000
