[2025-10-06T14:39:48.760Z] [31merror[39m: It appears you have done something like `app.use(helmet)`, but it should be `app.use(helmet())`.
[2025-10-06T15:09:17.144Z] [31merror[39m: User Already Exists
[2025-10-06T17:00:49.531Z] [31merror[39m: User Already Exists
[2025-10-06T17:01:12.781Z] [31merror[39m: User Already Exists
[2025-10-06T17:01:16.049Z] [31merror[39m: User Already Exists
[2025-10-06T17:19:32.168Z] [31merror[39m: invalid userId
[2025-10-06T17:19:59.319Z] [31merror[39m: invalid userId
[2025-10-06T21:59:33.413Z] [31merror[39m: User Already Exists
[2025-10-06T22:05:09.978Z] [31merror[39m: Cannot destructure property 'email' of 'req.body' as it is undefined.
[2025-10-06T22:06:47.031Z] [31merror[39m: Cannot destructure property 'email' of 'req.body' as it is undefined.
[2025-10-06T22:07:13.897Z] [31merror[39m: User Already Exists
[2025-10-06T22:07:30.199Z] [31merror[39m: Cannot destructure property 'email' of 'req.body' as it is undefined.
[2025-10-06T22:08:28.794Z] [31merror[39m: User Already Exists
[2025-10-07T18:16:06.541Z] [31merror[39m: User Already Exists
[2025-10-07T18:38:21.823Z] [31merror[39m: User Already Exists
[2025-10-07T18:38:38.969Z] [31merror[39m: User Already Exists
[2025-10-07T18:39:34.983Z] [31merror[39m: User : liam.turner@example.com Already Exists
[2025-10-15T21:06:19.733Z] [31merror[39m: User with email : john.doe@gmail.com already exists
[2025-10-15T21:08:00.289Z] [31merror[39m: User with email : john.doe@gmail.com already exists
[2025-10-15T21:09:10.452Z] [31merror[39m: User with email : john.doe@gmail.com already exists
[2025-10-15T21:29:42.485Z] [31merror[39m: User with email : amaka.obi@outlook.com already exists
[2025-10-15T21:54:13.190Z] [31merror[39m: Invalid Password
[2025-10-15T21:55:00.326Z] [31merror[39m: user with email : grace.udeh@outlook.com was not found , please register 
[2025-10-15T22:25:51.435Z] [31merror[39m: User with email : bethelcollins1000@gmail.com was not found
[2025-10-15T22:26:35.614Z] [31merror[39m: User with email : bethelcollins1000@gmail.com was not found
[2025-10-15T23:44:08.447Z] [31merror[39m: User with email : bethelcollins1000@gmail.com was not found
