[2025-10-06T14:39:48.760Z] [31merror[39m: It appears you have done something like `app.use(helmet)`, but it should be `app.use(helmet())`.
[2025-10-06T15:09:17.144Z] [31merror[39m: User Already Exists
[2025-10-06T17:00:49.531Z] [31merror[39m: User Already Exists
[2025-10-06T17:01:12.781Z] [31merror[39m: User Already Exists
[2025-10-06T17:01:16.049Z] [31merror[39m: User Already Exists
[2025-10-06T17:19:32.168Z] [31merror[39m: invalid userId
[2025-10-06T17:19:59.319Z] [31merror[39m: invalid userId
[2025-10-06T21:59:33.413Z] [31merror[39m: User Already Exists
[2025-10-06T22:05:09.978Z] [31merror[39m: Cannot destructure property 'email' of 'req.body' as it is undefined.
[2025-10-06T22:06:47.031Z] [31merror[39m: Cannot destructure property 'email' of 'req.body' as it is undefined.
[2025-10-06T22:07:13.897Z] [31merror[39m: User Already Exists
[2025-10-06T22:07:30.199Z] [31merror[39m: Cannot destructure property 'email' of 'req.body' as it is undefined.
[2025-10-06T22:08:28.794Z] [31merror[39m: User Already Exists
[2025-10-07T18:16:06.541Z] [31merror[39m: User Already Exists
[2025-10-07T18:38:21.823Z] [31merror[39m: User Already Exists
[2025-10-07T18:38:38.969Z] [31merror[39m: User Already Exists
[2025-10-07T18:39:34.983Z] [31merror[39m: User : liam.turner@example.com Already Exists
[2025-10-15T21:06:19.733Z] [31merror[39m: User with email : john.doe@gmail.com already exists
[2025-10-15T21:08:00.289Z] [31merror[39m: User with email : john.doe@gmail.com already exists
[2025-10-15T21:09:10.452Z] [31merror[39m: User with email : john.doe@gmail.com already exists
[2025-10-15T21:29:42.485Z] [31merror[39m: User with email : amaka.obi@outlook.com already exists
[2025-10-15T21:54:13.190Z] [31merror[39m: Invalid Password
[2025-10-15T21:55:00.326Z] [31merror[39m: user with email : grace.udeh@outlook.com was not found , please register 
[2025-10-15T22:25:51.435Z] [31merror[39m: User with email : bethelcollins1000@gmail.com was not found
[2025-10-15T22:26:35.614Z] [31merror[39m: User with email : bethelcollins1000@gmail.com was not found
[2025-10-15T23:44:08.447Z] [31merror[39m: User with email : bethelcollins1000@gmail.com was not found
[2025-10-22T18:38:32.296Z] [31merror[39m: User with email : michael.balogun@tmail.com already exists
[2025-10-22T18:38:59.746Z] [31merror[39m: 
Invalid `prisma.refreshToken.create()` invocation in
C:\Users\HP\Desktop\GIG-LINK-API\BACK-END\src\contexts\Auth\infrastructure\AuthRepository.ts:24:32

  21   token: string,
  22   expiresAt: Date
  23 ): Promise<RefreshToken> {
→ 24   return prisma.refreshToken.create({
         data: {
           userId: "47b45658-53be-42c7-b74b-3410ae893a86",
           expiresAt: new Date("2025-10-29T18:38:59.573Z"),
       +   token: String
         }
       })

Argument `token` is missing.
[2025-10-22T23:01:28.686Z] [31merror[39m: User with email : jane.doe@example.com already exists
[2025-10-23T15:57:18.802Z] [31merror[39m: jwt expired
[2025-10-23T15:58:53.366Z] [31merror[39m: 
Invalid `prisma.userProfile.findUnique()` invocation in
C:\Users\HP\Desktop\GIG-LINK-API\BACK-END\src\contexts\User\infrastructure\profileRepository.ts:7:45

  4 
  5 export class ProfileRepository implements IProfileRepository {
  6   async findUserProfileById(userId: string): Promise<UserProfile | null> {
→ 7     const record = await prisma.userProfile.findUnique({
          where: {
            userId: undefined,
        ?   id?: String,
        ?   AND?: UserProfileWhereInput | UserProfileWhereInput[],
        ?   OR?: UserProfileWhereInput[],
        ?   NOT?: UserProfileWhereInput | UserProfileWhereInput[],
        ?   bio?: StringNullableFilter | String | Null,
        ?   skills?: StringNullableListFilter,
        ?   avatarUrl?: StringNullableFilter | String | Null,
        ?   interests?: StringNullableListFilter,
        ?   location?: StringFilter | String,
        ?   createdAt?: DateTimeFilter | DateTime,
        ?   updatedAt?: DateTimeFilter | DateTime,
        ?   user?: UserScalarRelationFilter | UserWhereInput
          }
        })

Argument `where` of type UserProfileWhereUniqueInput needs at least one of `id` or `userId` arguments. Available options are marked with ?.
[2025-10-23T16:31:48.001Z] [31merror[39m: Cannot read properties of undefined (reading 'createAvatar')
[2025-10-23T16:33:30.542Z] [31merror[39m: Cannot read properties of undefined (reading 'createAvatar')
[2025-10-23T16:34:42.146Z] [31merror[39m: Cannot read properties of undefined (reading 'createAvatar')
[2025-10-23T16:40:32.974Z] [31merror[39m: Cannot read properties of undefined (reading 'createAvatar')
[2025-10-23T17:23:07.357Z] [31merror[39m: jwt expired
[2025-10-23T17:29:43.892Z] [31merror[39m: 
Invalid `prisma.user.findUnique()` invocation in
C:\Users\HP\Desktop\GIG-LINK-API\BACK-END\src\contexts\Auth\infrastructure\AuthRepository.ts:42:38

  39 }
  40 
  41 async findByEmail(email: string): Promise<User | null> {
→ 42   const record = await prisma.user.findUnique(
Can't reach database server at `ep-purple-mountain-abap29ss-pooler.eu-west-2.aws.neon.tech:5432`

Please make sure your database server is running at `ep-purple-mountain-abap29ss-pooler.eu-west-2.aws.neon.tech:5432`.
[2025-10-23T17:30:40.444Z] [31merror[39m: Cannot read properties of undefined (reading 'createAvatar')
[2025-10-23T17:31:36.886Z] [31merror[39m: Cannot read properties of undefined (reading 'createAvatar')
[2025-10-23T18:03:23.267Z] [31merror[39m: jwt expired
[2025-10-23T18:06:57.146Z] [31merror[39m: Cannot read properties of undefined (reading 'createAvatar')
[2025-10-23T18:20:13.169Z] [31merror[39m: profile already exists for this user
[2025-10-23T18:31:41.702Z] [31merror[39m: jwt expired
[2025-10-23T18:31:43.796Z] [31merror[39m: jwt expired
[2025-10-23T18:32:34.967Z] [31merror[39m: profile already exists for this user
[2025-10-23T18:43:16.555Z] [31merror[39m: profile already exists for this user
[2025-10-23T21:09:01.049Z] [31merror[39m: profile already exists for this user
[2025-10-23T21:14:04.486Z] [31merror[39m: profile already exists for this user
[2025-10-23T21:26:09.966Z] [31merror[39m: Cannot read properties of undefined (reading 'createAvatar')
[2025-10-25T03:51:52.465Z] [31merror[39m: this.avatarGenerator.createAvatar is not a function
[2025-10-25T04:17:20.329Z] [31merror[39m: jwt expired
[2025-10-25T04:33:33.844Z] [31merror[39m: jwt expired
[2025-10-25T04:33:55.458Z] [31merror[39m: profile already exists for this user
[2025-10-25T04:34:09.015Z] [31merror[39m: Profile not found
[2025-10-25T04:42:09.347Z] [31merror[39m: Profile not found
[2025-10-25T04:43:00.387Z] [31merror[39m: Profile not found
[2025-10-25T04:44:29.604Z] [31merror[39m: Profile not found
[2025-10-25T04:45:47.727Z] [31merror[39m: Profile not found
[2025-10-25T05:04:25.199Z] [31merror[39m: 
Invalid `prisma.userProfile.findUnique()` invocation in
C:\Users\HP\Desktop\GIG-LINK-API\BACK-END\src\contexts\User\infrastructure\profileRepository.ts:14:45

  11 }
  12 
  13 async findProfileById(profileId: string): Promise<UserProfile | null> {
→ 14   const record = await prisma.userProfile.findUnique({
         where: {
           profileId: "bc0bb611-4bf0-4f19-b8aa-10448f483907",
           ~~~~~~~~~
       ?   id?: String,
       ?   userId?: String,
       ?   AND?: UserProfileWhereInput | UserProfileWhereInput[],
       ?   OR?: UserProfileWhereInput[],
       ?   NOT?: UserProfileWhereInput | UserProfileWhereInput[],
       ?   bio?: StringNullableFilter | String | Null,
       ?   skills?: StringNullableListFilter,
       ?   avatarUrl?: StringNullableFilter | String | Null,
       ?   interests?: StringNullableListFilter,
       ?   location?: StringFilter | String,
       ?   createdAt?: DateTimeFilter | DateTime,
       ?   updatedAt?: DateTimeFilter | DateTime,
       ?   user?: UserScalarRelationFilter | UserWhereInput
         }
       })

Unknown argument `profileId`. Available options are marked with ?.
[2025-10-25T05:31:13.975Z] [31merror[39m: profile already exists for this user
[2025-10-25T05:34:55.816Z] [31merror[39m: jwt expired
[2025-10-25T05:35:14.163Z] [31merror[39m: Profile not found
[2025-10-25T05:35:42.336Z] [31merror[39m: profile already exists for this user
[2025-10-25T05:39:38.842Z] [31merror[39m: 
Invalid `prisma.userProfile.findUnique()` invocation in
C:\Users\HP\Desktop\GIG-LINK-API\BACK-END\src\contexts\User\infrastructure\profileRepository.ts:7:45

  4 
  5 export class ProfileRepository implements IProfileRepository {
  6   async findUserById(userId: string): Promise<UserProfile | null> {
→ 7     const record = await prisma.userProfile.findUnique({
          where: {
            userId: undefined,
        ?   id?: String,
        ?   AND?: UserProfileWhereInput | UserProfileWhereInput[],
        ?   OR?: UserProfileWhereInput[],
        ?   NOT?: UserProfileWhereInput | UserProfileWhereInput[],
        ?   bio?: StringNullableFilter | String | Null,
        ?   skills?: StringNullableListFilter,
        ?   avatarUrl?: StringNullableFilter | String | Null,
        ?   interests?: StringNullableListFilter,
        ?   location?: StringFilter | String,
        ?   createdAt?: DateTimeFilter | DateTime,
        ?   updatedAt?: DateTimeFilter | DateTime,
        ?   user?: UserScalarRelationFilter | UserWhereInput
          }
        })

Argument `where` of type UserProfileWhereUniqueInput needs at least one of `id` or `userId` arguments. Available options are marked with ?.
[2025-10-25T05:41:28.713Z] [31merror[39m: 
Invalid `prisma.userProfile.findUnique()` invocation in
C:\Users\HP\Desktop\GIG-LINK-API\BACK-END\src\contexts\User\infrastructure\profileRepository.ts:7:45

  4 
  5 export class ProfileRepository implements IProfileRepository {
  6   async findUserById(userId: string): Promise<UserProfile | null> {
→ 7     const record = await prisma.userProfile.findUnique({
          where: {
            userId: undefined,
        ?   id?: String,
        ?   AND?: UserProfileWhereInput | UserProfileWhereInput[],
        ?   OR?: UserProfileWhereInput[],
        ?   NOT?: UserProfileWhereInput | UserProfileWhereInput[],
        ?   bio?: StringNullableFilter | String | Null,
        ?   skills?: StringNullableListFilter,
        ?   avatarUrl?: StringNullableFilter | String | Null,
        ?   interests?: StringNullableListFilter,
        ?   location?: StringFilter | String,
        ?   createdAt?: DateTimeFilter | DateTime,
        ?   updatedAt?: DateTimeFilter | DateTime,
        ?   user?: UserScalarRelationFilter | UserWhereInput
          }
        })

Argument `where` of type UserProfileWhereUniqueInput needs at least one of `id` or `userId` arguments. Available options are marked with ?.
[2025-10-25T13:42:21.609Z] [31merror[39m: invalid token
[2025-10-25T13:42:43.574Z] [31merror[39m: 
Invalid `prisma.userProfile.findUnique()` invocation in
C:\Users\HP\Desktop\GIG-LINK-API\BACK-END\src\contexts\User\infrastructure\profileRepository.ts:7:45

  4 
  5 export class ProfileRepository implements IProfileRepository {
  6   async findUserById(userId: string): Promise<UserProfile | null> {
→ 7     const record = await prisma.userProfile.findUnique({
          where: {
            userId: undefined,
        ?   id?: String,
        ?   AND?: UserProfileWhereInput | UserProfileWhereInput[],
        ?   OR?: UserProfileWhereInput[],
        ?   NOT?: UserProfileWhereInput | UserProfileWhereInput[],
        ?   bio?: StringNullableFilter | String | Null,
        ?   skills?: StringNullableListFilter,
        ?   avatarUrl?: StringNullableFilter | String | Null,
        ?   interests?: StringNullableListFilter,
        ?   location?: StringFilter | String,
        ?   createdAt?: DateTimeFilter | DateTime,
        ?   updatedAt?: DateTimeFilter | DateTime,
        ?   user?: UserScalarRelationFilter | UserWhereInput
          }
        })

Argument `where` of type UserProfileWhereUniqueInput needs at least one of `id` or `userId` arguments. Available options are marked with ?.
[2025-10-25T13:51:36.137Z] [31merror[39m: not allowed
[2025-10-25T19:14:27.226Z] [31merror[39m: not allowed
[2025-10-25T19:17:23.796Z] [31merror[39m: not allowed
[2025-10-25T19:18:44.223Z] [31merror[39m: not allowed
[2025-10-25T19:30:12.492Z] [31merror[39m: jwt expired
[2025-11-23T06:28:51.532Z] [31merror[39m: Cannot read properties of undefined (reading 'user')
[2025-11-23T06:32:01.121Z] [31merror[39m: Cannot read properties of undefined (reading 'user')
[2025-11-23T06:49:38.962Z] [31merror[39m: Cannot read properties of undefined (reading 'user')
[2025-11-29T20:25:41.168Z] [31merror[39m: error connecting to the database Can't reach database server at `ep-purple-mountain-abap29ss-pooler.eu-west-2.aws.neon.tech:5432`

Please make sure your database server is running at `ep-purple-mountain-abap29ss-pooler.eu-west-2.aws.neon.tech:5432`.
[2025-11-29T20:37:27.392Z] [31merror[39m: Transaction API error: Transaction already closed: A commit cannot be executed on an expired transaction. The timeout for this transaction was 5000 ms, however 7997 ms passed since the start of the transaction. Consider increasing the interactive transaction timeout or doing less work in the transaction.
[2025-11-29T20:38:05.274Z] [31merror[39m:  User already exists
[2025-11-29T21:13:08.576Z] [31merror[39m: Cannot set headers after they are sent to the client
[2025-11-29T21:22:26.807Z] [31merror[39m:  User already exists
[2025-11-29T21:24:51.309Z] [31merror[39m: User not found
[2025-11-29T21:25:27.312Z] [31merror[39m: wrong password
[2025-11-29T21:26:37.784Z] [31merror[39m:  User already exists
[2025-12-01T14:02:49.983Z] [31merror[39m: 
Invalid `prismaDbClient.user.findUnique()` invocation in
C:\Users\HP\Desktop\GIG-LINK-API\backend\src\contexts\Auth\adapters\AuthRepository.ts:54:58

  51 }
  52 
  53 async findByEmail(email: string): Promise<User | null> {
→ 54         const record = await prismaDbClient.user.findUnique(
The table `public.users` does not exist in the current database.
[2025-12-01T14:03:25.613Z] [31merror[39m: 
Invalid `prismaDbClient.user.findUnique()` invocation in
C:\Users\HP\Desktop\GIG-LINK-API\backend\src\contexts\Auth\adapters\AuthRepository.ts:54:58

  51 }
  52 
  53 async findByEmail(email: string): Promise<User | null> {
→ 54         const record = await prismaDbClient.user.findUnique(
The table `public.users` does not exist in the current database.
[2025-12-01T14:14:19.712Z] [31merror[39m:  User already exists
[2025-12-01T14:14:41.735Z] [31merror[39m:  User already exists
[2025-12-01T14:15:30.900Z] [31merror[39m:  User already exists
[2025-12-01T14:16:22.483Z] [31merror[39m:  User already exists
[2025-12-01T14:17:35.426Z] [31merror[39m:  User already exists
[2025-12-01T14:30:22.114Z] [31merror[39m: OTP not found , generate a new one
[2025-12-01T14:32:27.827Z] [31merror[39m: OTP not found , generate a new one
[2025-12-01T14:32:51.142Z] [31merror[39m: OTP not found , generate a new one
[2025-12-01T14:44:39.313Z] [31merror[39m: 
Invalid `prismaDbClient.user.findUnique()` invocation in
C:\Users\HP\Desktop\GIG-LINK-API\backend\src\contexts\Auth\adapters\AuthRepository.ts:54:58

  51 }
  52 
  53 async findByEmail(email: string): Promise<User | null> {
→ 54         const record = await prismaDbClient.user.findUnique(
connect ECONNABORTED 13.41.250.251:5432
